Symlinking /home/prem/catkin_ws/devel/include/raspicam_node/MotionVectors.h
Symlinking /home/prem/catkin_ws/devel/include/raspicam_node/CameraConfig.h
Symlinking /home/prem/catkin_ws/devel/lib/python3/dist-packages/raspicam_node/__init__.py
Symlinking /home/prem/catkin_ws/devel/lib/python3/dist-packages/raspicam_node/msg/__init__.py
Symlinking /home/prem/catkin_ws/devel/lib/python3/dist-packages/raspicam_node/msg/_MotionVectors.py
Symlinking /home/prem/catkin_ws/devel/lib/python3/dist-packages/raspicam_node/cfg/__init__.py
Symlinking /home/prem/catkin_ws/devel/lib/python3/dist-packages/raspicam_node/cfg/CameraConfig.py
Symlinking /home/prem/catkin_ws/devel/lib/raspicam_node/raspicam_node
Symlinking /home/prem/catkin_ws/devel/lib/pkgconfig/raspicam_node.pc
Symlinking /home/prem/catkin_ws/devel/share/common-lisp/ros/raspicam_node/msg/_package.lisp
Symlinking /home/prem/catkin_ws/devel/share/common-lisp/ros/raspicam_node/msg/raspicam_node-msg.asd
Symlinking /home/prem/catkin_ws/devel/share/common-lisp/ros/raspicam_node/msg/MotionVectors.lisp
Symlinking /home/prem/catkin_ws/devel/share/common-lisp/ros/raspicam_node/msg/_package_MotionVectors.lisp
Symlinking /home/prem/catkin_ws/devel/share/roseus/ros/raspicam_node/manifest.l
Symlinking /home/prem/catkin_ws/devel/share/roseus/ros/raspicam_node/msg/MotionVectors.l
Symlinking /home/prem/catkin_ws/devel/share/gennodejs/ros/raspicam_node/_index.js
Symlinking /home/prem/catkin_ws/devel/share/gennodejs/ros/raspicam_node/msg/_index.js
Symlinking /home/prem/catkin_ws/devel/share/gennodejs/ros/raspicam_node/msg/MotionVectors.js
Symlinking /home/prem/catkin_ws/devel/share/raspicam_node/cmake/raspicam_node-msg-paths.cmake
Symlinking /home/prem/catkin_ws/devel/share/raspicam_node/cmake/raspicam_nodeConfig.cmake
Symlinking /home/prem/catkin_ws/devel/share/raspicam_node/cmake/raspicam_node-msg-extras.cmake
Symlinking /home/prem/catkin_ws/devel/share/raspicam_node/cmake/raspicam_nodeConfig-version.cmake
Symlinking /home/prem/catkin_ws/devel/share/raspicam_node/docs/CameraConfig.dox
Symlinking /home/prem/catkin_ws/devel/share/raspicam_node/docs/CameraConfig-usage.dox
Symlinking /home/prem/catkin_ws/devel/share/raspicam_node/docs/CameraConfig.wikidoc
