[35m[1mScanning dependencies of target geometry_msgs_generate_messages_cpp[0m
[  0%] Built target geometry_msgs_generate_messages_cpp
[35m[1mScanning dependencies of target _oogway_search_service_generate_messages_check_deps_service[0m
[  0%] Built target _oogway_search_service_generate_messages_check_deps_service
[35m[1mScanning dependencies of target std_msgs_generate_messages_cpp[0m
[  0%] Built target std_msgs_generate_messages_cpp
[35m[1mScanning dependencies of target actionlib_msgs_generate_messages_cpp[0m
[  0%] Built target actionlib_msgs_generate_messages_cpp
[35m[1mScanning dependencies of target std_msgs_generate_messages_nodejs[0m
[  0%] Built target std_msgs_generate_messages_nodejs
[35m[1mScanning dependencies of target actionlib_msgs_generate_messages_nodejs[0m
[  0%] Built target actionlib_msgs_generate_messages_nodejs
[35m[1mScanning dependencies of target geometry_msgs_generate_messages_nodejs[0m
[  0%] Built target geometry_msgs_generate_messages_nodejs
[35m[1mScanning dependencies of target geometry_msgs_generate_messages_eus[0m
[  0%] Built target geometry_msgs_generate_messages_eus
[35m[1mScanning dependencies of target std_msgs_generate_messages_eus[0m
[  0%] Built target std_msgs_generate_messages_eus
[35m[1mScanning dependencies of target actionlib_msgs_generate_messages_eus[0m
[  0%] Built target actionlib_msgs_generate_messages_eus
[35m[1mScanning dependencies of target geometry_msgs_generate_messages_py[0m
[  0%] Built target geometry_msgs_generate_messages_py
[35m[1mScanning dependencies of target actionlib_msgs_generate_messages_py[0m
[  0%] Built target actionlib_msgs_generate_messages_py
[35m[1mScanning dependencies of target std_msgs_generate_messages_py[0m
[  0%] Built target std_msgs_generate_messages_py
[35m[1mScanning dependencies of target actionlib_msgs_generate_messages_lisp[0m
[  0%] Built target actionlib_msgs_generate_messages_lisp
[35m[1mScanning dependencies of target geometry_msgs_generate_messages_lisp[0m
[  0%] Built target geometry_msgs_generate_messages_lisp
[35m[1mScanning dependencies of target std_msgs_generate_messages_lisp[0m
[  0%] Built target std_msgs_generate_messages_lisp
[35m[1mScanning dependencies of target oogway_search_service_generate_messages_cpp[0m
[ 14%] [34m[1mGenerating C++ code from oogway_search_service/service.srv[0m
[ 14%] Built target oogway_search_service_generate_messages_cpp
[35m[1mScanning dependencies of target oogway_search_service_generate_messages_nodejs[0m
[ 28%] [34m[1mGenerating Javascript code from oogway_search_service/service.srv[0m
[ 28%] Built target oogway_search_service_generate_messages_nodejs
[35m[1mScanning dependencies of target oogway_search_service_generate_messages_eus[0m
[ 42%] [34m[1mGenerating EusLisp code from oogway_search_service/service.srv[0m
[ 57%] [34m[1mGenerating EusLisp manifest code for oogway_search_service[0m
[ 57%] Built target oogway_search_service_generate_messages_eus
[35m[1mScanning dependencies of target oogway_search_service_generate_messages_py[0m
[ 71%] [34m[1mGenerating Python code from SRV oogway_search_service/service[0m
[ 85%] [34m[1mGenerating Python srv __init__.py for oogway_search_service[0m
[ 85%] Built target oogway_search_service_generate_messages_py
[35m[1mScanning dependencies of target oogway_search_service_generate_messages_lisp[0m
[100%] [34m[1mGenerating Lisp code from oogway_search_service/service.srv[0m
[100%] Built target oogway_search_service_generate_messages_lisp
[35m[1mScanning dependencies of target oogway_search_service_generate_messages[0m
[100%] Built target oogway_search_service_generate_messages
