Symlinking /home/prem/catkin_ws/devel/include/oogway_search_service/serviceRequest.h
Symlinking /home/prem/catkin_ws/devel/include/oogway_search_service/service.h
Symlinking /home/prem/catkin_ws/devel/include/oogway_search_service/serviceResponse.h
Symlinking /home/prem/catkin_ws/devel/lib/python3/dist-packages/oogway_search_service/__init__.py
Symlinking /home/prem/catkin_ws/devel/lib/python3/dist-packages/oogway_search_service/srv/_service.py
Symlinking /home/prem/catkin_ws/devel/lib/python3/dist-packages/oogway_search_service/srv/__init__.py
Symlinking /home/prem/catkin_ws/devel/lib/oogway_search_service/service.py
Symlinking /home/prem/catkin_ws/devel/lib/oogway_search_service/client.py
Symlinking /home/prem/catkin_ws/devel/lib/oogway_search_service/cmake.lock
Symlinking /home/prem/catkin_ws/devel/lib/pkgconfig/oogway_search_service.pc
Symlinking /home/prem/catkin_ws/devel/share/common-lisp/ros/oogway_search_service/srv/_package.lisp
Symlinking /home/prem/catkin_ws/devel/share/common-lisp/ros/oogway_search_service/srv/oogway_search_service-srv.asd
Symlinking /home/prem/catkin_ws/devel/share/common-lisp/ros/oogway_search_service/srv/service.lisp
Symlinking /home/prem/catkin_ws/devel/share/common-lisp/ros/oogway_search_service/srv/_package_service.lisp
Symlinking /home/prem/catkin_ws/devel/share/roseus/ros/oogway_search_service/manifest.l
Symlinking /home/prem/catkin_ws/devel/share/roseus/ros/oogway_search_service/srv/service.l
Symlinking /home/prem/catkin_ws/devel/share/gennodejs/ros/oogway_search_service/_index.js
Symlinking /home/prem/catkin_ws/devel/share/gennodejs/ros/oogway_search_service/srv/_index.js
Symlinking /home/prem/catkin_ws/devel/share/gennodejs/ros/oogway_search_service/srv/service.js
Symlinking /home/prem/catkin_ws/devel/share/oogway_search_service/cmake/oogway_search_service-msg-extras.cmake
Symlinking /home/prem/catkin_ws/devel/share/oogway_search_service/cmake/oogway_search_service-msg-paths.cmake
Symlinking /home/prem/catkin_ws/devel/share/oogway_search_service/cmake/oogway_search_serviceConfig-version.cmake
Symlinking /home/prem/catkin_ws/devel/share/oogway_search_service/cmake/oogway_search_serviceConfig.cmake
