[35m[1mScanning dependencies of target geometry_msgs_generate_messages_eus[0m
[  0%] Built target geometry_msgs_generate_messages_eus
[35m[1mScanning dependencies of target std_msgs_generate_messages_eus[0m
[  0%] Built target std_msgs_generate_messages_eus
[35m[1mScanning dependencies of target std_msgs_generate_messages_py[0m
[  0%] Built target std_msgs_generate_messages_py
[35m[1mScanning dependencies of target geometry_msgs_generate_messages_py[0m
[  0%] Built target geometry_msgs_generate_messages_py
[35m[1mScanning dependencies of target std_msgs_generate_messages_lisp[0m
[  0%] Built target std_msgs_generate_messages_lisp
[35m[1mScanning dependencies of target geometry_msgs_generate_messages_lisp[0m
[  0%] Built target geometry_msgs_generate_messages_lisp
[35m[1mScanning dependencies of target std_msgs_generate_messages_cpp[0m
[  0%] Built target std_msgs_generate_messages_cpp
[35m[1mScanning dependencies of target geometry_msgs_generate_messages_cpp[0m
[  0%] Built target geometry_msgs_generate_messages_cpp
[35m[1mScanning dependencies of target std_msgs_generate_messages_nodejs[0m
[  0%] Built target std_msgs_generate_messages_nodejs
[35m[1mScanning dependencies of target geometry_msgs_generate_messages_nodejs[0m
[  0%] Built target geometry_msgs_generate_messages_nodejs
[35m[1mScanning dependencies of target april_tags_generate_messages_eus[0m
[100%] [34m[1mGenerating EusLisp manifest code for april_tags[0m
[100%] Built target april_tags_generate_messages_eus
[35m[1mScanning dependencies of target april_tags_generate_messages_py[0m
[100%] Built target april_tags_generate_messages_py
[35m[1mScanning dependencies of target april_tags_generate_messages_lisp[0m
[100%] Built target april_tags_generate_messages_lisp
[35m[1mScanning dependencies of target april_tags_generate_messages_cpp[0m
[100%] Built target april_tags_generate_messages_cpp
[35m[1mScanning dependencies of target april_tags_generate_messages_nodejs[0m
[100%] Built target april_tags_generate_messages_nodejs
[35m[1mScanning dependencies of target april_tags_generate_messages[0m
[100%] Built target april_tags_generate_messages
